# RTL_ID 20111300
#
# Events:
#    N - no event
#    E - exception
#    I - interrupt
#    W - wakeup
# =====================================================================================
# : Core Reset
# =====================================================================================
# Test: ma_addr.hex
#           Time   Ev  Curr_PC    Instr      Next_PC    Reg        Value     
# =====================================================================================
               3   N   00000000   00000000   00000600   ---        --------
               6   N   00000600   0000e101   00000604   x10_a0     00000000
               7   N   00000604   00004e01   00000606   ---        --------
               8   N   00000606   00000297   00000608   x28_t3     00000000
               9   N   00000608   c7828293   0000060c   x05_t0     00000608
              10   N   0000060c   30529073   00000610   x05_t0     00000280
              11   N   00000610   00004505   00000614   ---        --------
              12   N   00000614   0000057e   00000616   x10_a0     00000001
              13   N   00000616   00054863   00000618   x10_a0     80000000
              14   N   00000618   0ff0000f   00000628   ---        --------
              17   N   00000628   00028f63   0000062c   x05_t0     00000000
              18   N   0000062c   10529073   0000064a   ---        --------
              22   N   0000064a   00006509   0000064e   ---        --------
              23   N   0000064e   00006509   0000064e   ---        --------
              24   N   0000064e   80050513   00000650   x10_a0     00002000
              25   N   00000650   30052073   00000654   x10_a0     00001800
              26   N   00000654   00000297   00000658   ---        --------
              27   N   00000658   00000297   00000658   ---        --------
              28   N   00000658   02828293   0000065c   x05_t0     00000658
              29   N   0000065c   34129073   00000660   x05_t0     00000680
              30   N   00000660   f1402573   00000664   ---        --------
              31   N   00000664   30200073   00000668   x10_a0     00000000
              33   N   00000668   00000000   00000680   ---        --------
              36   N   00000680   25040413   00000684   x08_s0     00000680
              37   N   00000684   00400493   00000688   x08_s0     000008d0
              38   N   00000688   00200e13   0000068c   x09_s1     00000004
              39   N   0000068c   00000397   00000690   x28_t3     00000002
              40   N   00000690   01c38393   00000694   x07_t2     00000690
              41   N   00000694   00140313   00000698   x07_t2     000006ac
              42   N   00000698   00141303   0000069c   x06_t1     000008d1
              43   E   0000069c   ffffc3b7   00000280   mstatus    00001800
              43   E   0000069c   ffffc3b7   00000280   mepc       0000069c
              43   E   0000069c   ffffc3b7   00000280   mcause     00000004
              43   E   0000069c   ffffc3b7   00000280   mtval      000008d1
              46   N   00000280   00004291   00000284   x14_a4     00000004
              47   N   00000284   02571063   00000286   x05_t0     00000004
              48   N   00000286   42910297   0000028a   ---        --------
              50   N   0000028a   02578293   0000028e   x05_t0     0000028a
              52   N   0000028e   00000e37   00000292   x05_t0     000008a0
              54   N   00000292   61628e83   00000296   x28_t3     f0000000
              57   N   00000296   000e8663   0000029a   x29_t4     0000006c
              58   N   0000029a   00020023   0000029e   ---        --------
              61   N   0000029e   00000285   000002a2   ---        --------
              62   N   000002a2   0000bfcd   000002a4   x05_t0     000008a1
              63   N   000002a4   000047a1   00000296   ---        --------
              68   N   00000296   000e8663   0000029a   x29_t4     0000004d
              69   N   0000029a   00020023   0000029e   ---        --------
              72   N   0000029e   00000285   000002a2   ---        --------
              73   N   000002a2   0000bfcd   000002a4   x05_t0     000008a2
              74   N   000002a4   000047a1   00000296   ---        --------
              79   N   00000296   000e8663   0000029a   x29_t4     00000069
              80   N   0000029a   00020023   0000029e   ---        --------
              83   N   0000029e   00000285   000002a2   ---        --------
              84   N   000002a2   0000bfcd   000002a4   x05_t0     000008a3
              85   N   000002a4   000047a1   00000296   ---        --------
              90   N   00000296   000e8663   0000029a   x29_t4     00000073
              91   N   0000029a   00020023   0000029e   ---        --------
              94   N   0000029e   00000285   000002a2   ---        --------
              95   N   000002a2   0000bfcd   000002a4   x05_t0     000008a4
              96   N   000002a4   000047a1   00000296   ---        --------
             101   N   00000296   000e8663   0000029a   x29_t4     00000061
             102   N   0000029a   00020023   0000029e   ---        --------
             105   N   0000029e   00000285   000002a2   ---        --------
             106   N   000002a2   0000bfcd   000002a4   x05_t0     000008a5
             107   N   000002a4   000047a1   00000296   ---        --------
             112   N   00000296   000e8663   0000029a   x29_t4     0000006c
             113   N   0000029a   00020023   0000029e   ---        --------
             116   N   0000029e   00000285   000002a2   ---        --------
             117   N   000002a2   0000bfcd   000002a4   x05_t0     000008a6
             118   N   000002a4   000047a1   00000296   ---        --------
             123   N   00000296   000e8663   0000029a   x29_t4     00000069
             124   N   0000029a   00020023   0000029e   ---        --------
             127   N   0000029e   00000285   000002a2   ---        --------
             128   N   000002a2   0000bfcd   000002a4   x05_t0     000008a7
             129   N   000002a4   000047a1   00000296   ---        --------
             134   N   00000296   000e8663   0000029a   x29_t4     00000067
             135   N   0000029a   00020023   0000029e   ---        --------
             138   N   0000029e   00000285   000002a2   ---        --------
             139   N   000002a2   0000bfcd   000002a4   x05_t0     000008a8
             140   N   000002a4   000047a1   00000296   ---        --------
             145   N   00000296   000e8663   0000029a   x29_t4     0000006e
             146   N   0000029a   00020023   0000029e   ---        --------
             149   N   0000029e   00000285   000002a2   ---        --------
             150   N   000002a2   0000bfcd   000002a4   x05_t0     000008a9
             151   N   000002a4   000047a1   00000296   ---        --------
             156   N   00000296   000e8663   0000029a   x29_t4     0000000a
             157   N   0000029a   00020023   0000029e   ---        --------
             160   N   0000029e   00000285   000002a2   ---        --------
             161   N   000002a2   0000bfcd   000002a4   x05_t0     000008aa
             162   N   000002a4   000047a1   00000296   ---        --------
             167   N   00000296   000e8663   0000029a   x29_t4     00000000
             168   N   0000029a   00020023   000002a6   ---        --------
             171   N   000002a6   02f70463   000002a8   x15_a5     00000008
             172   N   000002a8   000047a5   000002ac   ---        --------
             173   N   000002ac   02f70163   000002ae   x15_a5     00000009
             174   N   000002ae   000047ad   000002b2   ---        --------
             175   N   000002b2   00f70e63   000002b4   x15_a5     0000000b
             176   N   000002b4   00000717   000002b8   ---        --------
             177   N   000002b8   57070713   000002bc   x14_a4     000002b8
             178   N   000002bc   0000c311   000002c0   x14_a4     00000828
             179   N   000002c0   00008702   000002c2   ---        --------
             180   N   000002c2   34202773   00000828   ---        --------
             183   N   00000828   fc929ce3   0000082c   x05_t0     00000004
             184   N   0000082c   343022f3   00000830   ---        --------
             185   N   00000830   fc6298e3   00000834   x05_t0     000008d1
             186   N   00000834   00028283   00000838   ---        --------
             188   N   00000838   fc0284e3   0000083c   x05_t0     ffffffcc
             189   N   0000083c   34139073   00000840   ---        --------
             190   N   00000840   30200073   00000844   ---        --------
             192   N   00000844   00000073   000006ac   ---        --------
             195   N   000006ac   00000397   000006b0   x28_t3     00000003
             196   N   000006b0   01c38393   000006b4   x07_t2     000006b0
             197   N   000006b4   00140313   000006b8   x07_t2     000006cc
             198   N   000006b8   00145303   000006bc   x06_t1     000008d1
             199   E   000006bc   0000c3b7   00000280   mstatus    00001800
             199   E   000006bc   0000c3b7   00000280   mepc       000006bc
             199   E   000006bc   0000c3b7   00000280   mcause     00000004
             199   E   000006bc   0000c3b7   00000280   mtval      000008d1
             202   N   00000280   00004291   00000284   x14_a4     00000004
             203   N   00000284   02571063   00000286   x05_t0     00000004
             204   N   00000286   42910297   0000028a   ---        --------
             206   N   0000028a   02578293   0000028e   x05_t0     0000028a
             208   N   0000028e   00000e37   00000292   x05_t0     000008a0
             210   N   00000292   61628e83   00000296   x28_t3     f0000000
             213   N   00000296   000e8663   0000029a   x29_t4     0000006c
             214   N   0000029a   00020023   0000029e   ---        --------
             217   N   0000029e   00000285   000002a2   ---        --------
             218   N   000002a2   0000bfcd   000002a4   x05_t0     000008a1
             219   N   000002a4   000047a1   00000296   ---        --------
             224   N   00000296   000e8663   0000029a   x29_t4     0000004d
             225   N   0000029a   00020023   0000029e   ---        --------
             228   N   0000029e   00000285   000002a2   ---        --------
             229   N   000002a2   0000bfcd   000002a4   x05_t0     000008a2
             230   N   000002a4   000047a1   00000296   ---        --------
             235   N   00000296   000e8663   0000029a   x29_t4     00000069
             236   N   0000029a   00020023   0000029e   ---        --------
             239   N   0000029e   00000285   000002a2   ---        --------
             240   N   000002a2   0000bfcd   000002a4   x05_t0     000008a3
             241   N   000002a4   000047a1   00000296   ---        --------
             246   N   00000296   000e8663   0000029a   x29_t4     00000073
             247   N   0000029a   00020023   0000029e   ---        --------
             250   N   0000029e   00000285   000002a2   ---        --------
             251   N   000002a2   0000bfcd   000002a4   x05_t0     000008a4
             252   N   000002a4   000047a1   00000296   ---        --------
             257   N   00000296   000e8663   0000029a   x29_t4     00000061
             258   N   0000029a   00020023   0000029e   ---        --------
             261   N   0000029e   00000285   000002a2   ---        --------
             262   N   000002a2   0000bfcd   000002a4   x05_t0     000008a5
             263   N   000002a4   000047a1   00000296   ---        --------
             268   N   00000296   000e8663   0000029a   x29_t4     0000006c
             269   N   0000029a   00020023   0000029e   ---        --------
             272   N   0000029e   00000285   000002a2   ---        --------
             273   N   000002a2   0000bfcd   000002a4   x05_t0     000008a6
             274   N   000002a4   000047a1   00000296   ---        --------
             279   N   00000296   000e8663   0000029a   x29_t4     00000069
             280   N   0000029a   00020023   0000029e   ---        --------
             283   N   0000029e   00000285   000002a2   ---        --------
             284   N   000002a2   0000bfcd   000002a4   x05_t0     000008a7
             285   N   000002a4   000047a1   00000296   ---        --------
             290   N   00000296   000e8663   0000029a   x29_t4     00000067
             291   N   0000029a   00020023   0000029e   ---        --------
             294   N   0000029e   00000285   000002a2   ---        --------
             295   N   000002a2   0000bfcd   000002a4   x05_t0     000008a8
             296   N   000002a4   000047a1   00000296   ---        --------
             301   N   00000296   000e8663   0000029a   x29_t4     0000006e
             302   N   0000029a   00020023   0000029e   ---        --------
             305   N   0000029e   00000285   000002a2   ---        --------
             306   N   000002a2   0000bfcd   000002a4   x05_t0     000008a9
             307   N   000002a4   000047a1   00000296   ---        --------
             312   N   00000296   000e8663   0000029a   x29_t4     0000000a
             313   N   0000029a   00020023   0000029e   ---        --------
             316   N   0000029e   00000285   000002a2   ---        --------
             317   N   000002a2   0000bfcd   000002a4   x05_t0     000008aa
             318   N   000002a4   000047a1   00000296   ---        --------
             323   N   00000296   000e8663   0000029a   x29_t4     00000000
             324   N   0000029a   00020023   000002a6   ---        --------
             327   N   000002a6   02f70463   000002a8   x15_a5     00000008
             328   N   000002a8   000047a5   000002ac   ---        --------
             329   N   000002ac   02f70163   000002ae   x15_a5     00000009
             330   N   000002ae   000047ad   000002b2   ---        --------
             331   N   000002b2   00f70e63   000002b4   x15_a5     0000000b
             332   N   000002b4   00000717   000002b8   ---        --------
             333   N   000002b8   57070713   000002bc   x14_a4     000002b8
             334   N   000002bc   0000c311   000002c0   x14_a4     00000828
             335   N   000002c0   00008702   000002c2   ---        --------
             336   N   000002c2   34202773   00000828   ---        --------
             339   N   00000828   fc929ce3   0000082c   x05_t0     00000004
             340   N   0000082c   343022f3   00000830   ---        --------
             341   N   00000830   fc6298e3   00000834   x05_t0     000008d1
             342   N   00000834   00028283   00000838   ---        --------
             344   N   00000838   fc0284e3   0000083c   x05_t0     ffffffcc
             345   N   0000083c   34139073   00000840   ---        --------
             346   N   00000840   30200073   00000844   ---        --------
             348   N   00000844   00000073   000006cc   ---        --------
             351   N   000006cc   00000397   000006d0   x28_t3     00000004
             352   N   000006d0   01c38393   000006d4   x07_t2     000006d0
             353   N   000006d4   00140313   000006d8   x07_t2     000006ec
             354   N   000006d8   00142303   000006dc   x06_t1     000008d1
             355   E   000006dc   99aac3b7   00000280   mstatus    00001800
             355   E   000006dc   99aac3b7   00000280   mepc       000006dc
             355   E   000006dc   99aac3b7   00000280   mcause     00000004
             355   E   000006dc   99aac3b7   00000280   mtval      000008d1
             358   N   00000280   00004291   00000284   x14_a4     00000004
             359   N   00000284   02571063   00000286   x05_t0     00000004
             360   N   00000286   42910297   0000028a   ---        --------
             362   N   0000028a   02578293   0000028e   x05_t0     0000028a
             364   N   0000028e   00000e37   00000292   x05_t0     000008a0
             366   N   00000292   61628e83   00000296   x28_t3     f0000000
             369   N   00000296   000e8663   0000029a   x29_t4     0000006c
             370   N   0000029a   00020023   0000029e   ---        --------
             373   N   0000029e   00000285   000002a2   ---        --------
             374   N   000002a2   0000bfcd   000002a4   x05_t0     000008a1
             375   N   000002a4   000047a1   00000296   ---        --------
             380   N   00000296   000e8663   0000029a   x29_t4     0000004d
             381   N   0000029a   00020023   0000029e   ---        --------
             384   N   0000029e   00000285   000002a2   ---        --------
             385   N   000002a2   0000bfcd   000002a4   x05_t0     000008a2
             386   N   000002a4   000047a1   00000296   ---        --------
             391   N   00000296   000e8663   0000029a   x29_t4     00000069
             392   N   0000029a   00020023   0000029e   ---        --------
             395   N   0000029e   00000285   000002a2   ---        --------
             396   N   000002a2   0000bfcd   000002a4   x05_t0     000008a3
             397   N   000002a4   000047a1   00000296   ---        --------
             402   N   00000296   000e8663   0000029a   x29_t4     00000073
             403   N   0000029a   00020023   0000029e   ---        --------
             406   N   0000029e   00000285   000002a2   ---        --------
             407   N   000002a2   0000bfcd   000002a4   x05_t0     000008a4
             408   N   000002a4   000047a1   00000296   ---        --------
             413   N   00000296   000e8663   0000029a   x29_t4     00000061
             414   N   0000029a   00020023   0000029e   ---        --------
             417   N   0000029e   00000285   000002a2   ---        --------
             418   N   000002a2   0000bfcd   000002a4   x05_t0     000008a5
             419   N   000002a4   000047a1   00000296   ---        --------
             424   N   00000296   000e8663   0000029a   x29_t4     0000006c
             425   N   0000029a   00020023   0000029e   ---        --------
             428   N   0000029e   00000285   000002a2   ---        --------
             429   N   000002a2   0000bfcd   000002a4   x05_t0     000008a6
             430   N   000002a4   000047a1   00000296   ---        --------
             435   N   00000296   000e8663   0000029a   x29_t4     00000069
             436   N   0000029a   00020023   0000029e   ---        --------
             439   N   0000029e   00000285   000002a2   ---        --------
             440   N   000002a2   0000bfcd   000002a4   x05_t0     000008a7
             441   N   000002a4   000047a1   00000296   ---        --------
             446   N   00000296   000e8663   0000029a   x29_t4     00000067
             447   N   0000029a   00020023   0000029e   ---        --------
             450   N   0000029e   00000285   000002a2   ---        --------
             451   N   000002a2   0000bfcd   000002a4   x05_t0     000008a8
             452   N   000002a4   000047a1   00000296   ---        --------
             457   N   00000296   000e8663   0000029a   x29_t4     0000006e
             458   N   0000029a   00020023   0000029e   ---        --------
             461   N   0000029e   00000285   000002a2   ---        --------
             462   N   000002a2   0000bfcd   000002a4   x05_t0     000008a9
             463   N   000002a4   000047a1   00000296   ---        --------
             468   N   00000296   000e8663   0000029a   x29_t4     0000000a
             469   N   0000029a   00020023   0000029e   ---        --------
             472   N   0000029e   00000285   000002a2   ---        --------
             473   N   000002a2   0000bfcd   000002a4   x05_t0     000008aa
             474   N   000002a4   000047a1   00000296   ---        --------
             479   N   00000296   000e8663   0000029a   x29_t4     00000000
             480   N   0000029a   00020023   000002a6   ---        --------
             483   N   000002a6   02f70463   000002a8   x15_a5     00000008
             484   N   000002a8   000047a5   000002ac   ---        --------
             485   N   000002ac   02f70163   000002ae   x15_a5     00000009
             486   N   000002ae   000047ad   000002b2   ---        --------
             487   N   000002b2   00f70e63   000002b4   x15_a5     0000000b
             488   N   000002b4   00000717   000002b8   ---        --------
             489   N   000002b8   57070713   000002bc   x14_a4     000002b8
             490   N   000002bc   0000c311   000002c0   x14_a4     00000828
             491   N   000002c0   00008702   000002c2   ---        --------
             492   N   000002c2   34202773   00000828   ---        --------
             495   N   00000828   fc929ce3   0000082c   x05_t0     00000004
             496   N   0000082c   343022f3   00000830   ---        --------
             497   N   00000830   fc6298e3   00000834   x05_t0     000008d1
             498   N   00000834   00028283   00000838   ---        --------
             500   N   00000838   fc0284e3   0000083c   x05_t0     ffffffcc
             501   N   0000083c   34139073   00000840   ---        --------
             502   N   00000840   30200073   00000844   ---        --------
             504   N   00000844   00000073   000006ec   ---        --------
             507   N   000006ec   00000397   000006f0   x28_t3     00000005
             508   N   000006f0   01c38393   000006f4   x07_t2     000006f0
             509   N   000006f4   00240313   000006f8   x07_t2     0000070c
             510   N   000006f8   00242303   000006fc   x06_t1     000008d2
             511   E   000006fc   8899b3b7   00000280   mstatus    00001800
             511   E   000006fc   8899b3b7   00000280   mepc       000006fc
             511   E   000006fc   8899b3b7   00000280   mcause     00000004
             511   E   000006fc   8899b3b7   00000280   mtval      000008d2
             514   N   00000280   00004291   00000284   x14_a4     00000004
             515   N   00000284   02571063   00000286   x05_t0     00000004
             516   N   00000286   42910297   0000028a   ---        --------
             518   N   0000028a   02578293   0000028e   x05_t0     0000028a
             520   N   0000028e   00000e37   00000292   x05_t0     000008a0
             522   N   00000292   61628e83   00000296   x28_t3     f0000000
             525   N   00000296   000e8663   0000029a   x29_t4     0000006c
             526   N   0000029a   00020023   0000029e   ---        --------
             529   N   0000029e   00000285   000002a2   ---        --------
             530   N   000002a2   0000bfcd   000002a4   x05_t0     000008a1
             531   N   000002a4   000047a1   00000296   ---        --------
             536   N   00000296   000e8663   0000029a   x29_t4     0000004d
             537   N   0000029a   00020023   0000029e   ---        --------
             540   N   0000029e   00000285   000002a2   ---        --------
             541   N   000002a2   0000bfcd   000002a4   x05_t0     000008a2
             542   N   000002a4   000047a1   00000296   ---        --------
             547   N   00000296   000e8663   0000029a   x29_t4     00000069
             548   N   0000029a   00020023   0000029e   ---        --------
             551   N   0000029e   00000285   000002a2   ---        --------
             552   N   000002a2   0000bfcd   000002a4   x05_t0     000008a3
             553   N   000002a4   000047a1   00000296   ---        --------
             558   N   00000296   000e8663   0000029a   x29_t4     00000073
             559   N   0000029a   00020023   0000029e   ---        --------
             562   N   0000029e   00000285   000002a2   ---        --------
             563   N   000002a2   0000bfcd   000002a4   x05_t0     000008a4
             564   N   000002a4   000047a1   00000296   ---        --------
             569   N   00000296   000e8663   0000029a   x29_t4     00000061
             570   N   0000029a   00020023   0000029e   ---        --------
             573   N   0000029e   00000285   000002a2   ---        --------
             574   N   000002a2   0000bfcd   000002a4   x05_t0     000008a5
             575   N   000002a4   000047a1   00000296   ---        --------
             580   N   00000296   000e8663   0000029a   x29_t4     0000006c
             581   N   0000029a   00020023   0000029e   ---        --------
             584   N   0000029e   00000285   000002a2   ---        --------
             585   N   000002a2   0000bfcd   000002a4   x05_t0     000008a6
             586   N   000002a4   000047a1   00000296   ---        --------
             591   N   00000296   000e8663   0000029a   x29_t4     00000069
             592   N   0000029a   00020023   0000029e   ---        --------
             595   N   0000029e   00000285   000002a2   ---        --------
             596   N   000002a2   0000bfcd   000002a4   x05_t0     000008a7
             597   N   000002a4   000047a1   00000296   ---        --------
             602   N   00000296   000e8663   0000029a   x29_t4     00000067
             603   N   0000029a   00020023   0000029e   ---        --------
             606   N   0000029e   00000285   000002a2   ---        --------
             607   N   000002a2   0000bfcd   000002a4   x05_t0     000008a8
             608   N   000002a4   000047a1   00000296   ---        --------
             613   N   00000296   000e8663   0000029a   x29_t4     0000006e
             614   N   0000029a   00020023   0000029e   ---        --------
             617   N   0000029e   00000285   000002a2   ---        --------
             618   N   000002a2   0000bfcd   000002a4   x05_t0     000008a9
             619   N   000002a4   000047a1   00000296   ---        --------
             624   N   00000296   000e8663   0000029a   x29_t4     0000000a
             625   N   0000029a   00020023   0000029e   ---        --------
             628   N   0000029e   00000285   000002a2   ---        --------
             629   N   000002a2   0000bfcd   000002a4   x05_t0     000008aa
             630   N   000002a4   000047a1   00000296   ---        --------
             635   N   00000296   000e8663   0000029a   x29_t4     00000000
             636   N   0000029a   00020023   000002a6   ---        --------
             639   N   000002a6   02f70463   000002a8   x15_a5     00000008
             640   N   000002a8   000047a5   000002ac   ---        --------
             641   N   000002ac   02f70163   000002ae   x15_a5     00000009
             642   N   000002ae   000047ad   000002b2   ---        --------
             643   N   000002b2   00f70e63   000002b4   x15_a5     0000000b
             644   N   000002b4   00000717   000002b8   ---        --------
             645   N   000002b8   57070713   000002bc   x14_a4     000002b8
             646   N   000002bc   0000c311   000002c0   x14_a4     00000828
             647   N   000002c0   00008702   000002c2   ---        --------
             648   N   000002c2   34202773   00000828   ---        --------
             651   N   00000828   fc929ce3   0000082c   x05_t0     00000004
             652   N   0000082c   343022f3   00000830   ---        --------
             653   N   00000830   fc6298e3   00000834   x05_t0     000008d2
             654   N   00000834   00028283   00000838   ---        --------
             656   N   00000838   fc0284e3   0000083c   x05_t0     ffffffbb
             657   N   0000083c   34139073   00000840   ---        --------
             658   N   00000840   30200073   00000844   ---        --------
             660   N   00000844   00000073   0000070c   ---        --------
             663   N   0000070c   00000397   00000710   x28_t3     00000006
             664   N   00000710   01c38393   00000714   x07_t2     00000710
             665   N   00000714   00340313   00000718   x07_t2     0000072c
             666   N   00000718   00342303   0000071c   x06_t1     000008d3
             667   E   0000071c   7788a3b7   00000280   mstatus    00001800
             667   E   0000071c   7788a3b7   00000280   mepc       0000071c
             667   E   0000071c   7788a3b7   00000280   mcause     00000004
             667   E   0000071c   7788a3b7   00000280   mtval      000008d3
             670   N   00000280   00004291   00000284   x14_a4     00000004
             671   N   00000284   02571063   00000286   x05_t0     00000004
             672   N   00000286   42910297   0000028a   ---        --------
             674   N   0000028a   02578293   0000028e   x05_t0     0000028a
             676   N   0000028e   00000e37   00000292   x05_t0     000008a0
             678   N   00000292   61628e83   00000296   x28_t3     f0000000
             681   N   00000296   000e8663   0000029a   x29_t4     0000006c
             682   N   0000029a   00020023   0000029e   ---        --------
             685   N   0000029e   00000285   000002a2   ---        --------
             686   N   000002a2   0000bfcd   000002a4   x05_t0     000008a1
             687   N   000002a4   000047a1   00000296   ---        --------
             692   N   00000296   000e8663   0000029a   x29_t4     0000004d
             693   N   0000029a   00020023   0000029e   ---        --------
             696   N   0000029e   00000285   000002a2   ---        --------
             697   N   000002a2   0000bfcd   000002a4   x05_t0     000008a2
             698   N   000002a4   000047a1   00000296   ---        --------
             703   N   00000296   000e8663   0000029a   x29_t4     00000069
             704   N   0000029a   00020023   0000029e   ---        --------
             707   N   0000029e   00000285   000002a2   ---        --------
             708   N   000002a2   0000bfcd   000002a4   x05_t0     000008a3
             709   N   000002a4   000047a1   00000296   ---        --------
             714   N   00000296   000e8663   0000029a   x29_t4     00000073
             715   N   0000029a   00020023   0000029e   ---        --------
             718   N   0000029e   00000285   000002a2   ---        --------
             719   N   000002a2   0000bfcd   000002a4   x05_t0     000008a4
             720   N   000002a4   000047a1   00000296   ---        --------
             725   N   00000296   000e8663   0000029a   x29_t4     00000061
             726   N   0000029a   00020023   0000029e   ---        --------
             729   N   0000029e   00000285   000002a2   ---        --------
             730   N   000002a2   0000bfcd   000002a4   x05_t0     000008a5
             731   N   000002a4   000047a1   00000296   ---        --------
             736   N   00000296   000e8663   0000029a   x29_t4     0000006c
             737   N   0000029a   00020023   0000029e   ---        --------
             740   N   0000029e   00000285   000002a2   ---        --------
             741   N   000002a2   0000bfcd   000002a4   x05_t0     000008a6
             742   N   000002a4   000047a1   00000296   ---        --------
             747   N   00000296   000e8663   0000029a   x29_t4     00000069
             748   N   0000029a   00020023   0000029e   ---        --------
             751   N   0000029e   00000285   000002a2   ---        --------
             752   N   000002a2   0000bfcd   000002a4   x05_t0     000008a7
             753   N   000002a4   000047a1   00000296   ---        --------
             758   N   00000296   000e8663   0000029a   x29_t4     00000067
             759   N   0000029a   00020023   0000029e   ---        --------
             762   N   0000029e   00000285   000002a2   ---        --------
             763   N   000002a2   0000bfcd   000002a4   x05_t0     000008a8
             764   N   000002a4   000047a1   00000296   ---        --------
             769   N   00000296   000e8663   0000029a   x29_t4     0000006e
             770   N   0000029a   00020023   0000029e   ---        --------
             773   N   0000029e   00000285   000002a2   ---        --------
             774   N   000002a2   0000bfcd   000002a4   x05_t0     000008a9
             775   N   000002a4   000047a1   00000296   ---        --------
             780   N   00000296   000e8663   0000029a   x29_t4     0000000a
             781   N   0000029a   00020023   0000029e   ---        --------
             784   N   0000029e   00000285   000002a2   ---        --------
             785   N   000002a2   0000bfcd   000002a4   x05_t0     000008aa
             786   N   000002a4   000047a1   00000296   ---        --------
             791   N   00000296   000e8663   0000029a   x29_t4     00000000
             792   N   0000029a   00020023   000002a6   ---        --------
             795   N   000002a6   02f70463   000002a8   x15_a5     00000008
             796   N   000002a8   000047a5   000002ac   ---        --------
             797   N   000002ac   02f70163   000002ae   x15_a5     00000009
             798   N   000002ae   000047ad   000002b2   ---        --------
             799   N   000002b2   00f70e63   000002b4   x15_a5     0000000b
             800   N   000002b4   00000717   000002b8   ---        --------
             801   N   000002b8   57070713   000002bc   x14_a4     000002b8
             802   N   000002bc   0000c311   000002c0   x14_a4     00000828
             803   N   000002c0   00008702   000002c2   ---        --------
             804   N   000002c2   34202773   00000828   ---        --------
             807   N   00000828   fc929ce3   0000082c   x05_t0     00000004
             808   N   0000082c   343022f3   00000830   ---        --------
             809   N   00000830   fc6298e3   00000834   x05_t0     000008d3
             810   N   00000834   00028283   00000838   ---        --------
             812   N   00000838   fc0284e3   0000083c   x05_t0     ffffffaa
             813   N   0000083c   34139073   00000840   ---        --------
             814   N   00000840   30200073   00000844   ---        --------
             816   N   00000844   00000073   0000072c   ---        --------
             819   N   0000072c   01600e13   00000730   x09_s1     00000006
             820   N   00000730   00000397   00000734   x28_t3     00000016
             821   N   00000734   03038393   00000738   x07_t2     00000734
             822   N   00000738   00140313   0000073c   x07_t2     00000764
             823   N   0000073c   000410a3   00000740   x06_t1     000008d1
             824   E   00000740   00040303   00000280   mstatus    00001800
             824   E   00000740   00040303   00000280   mepc       00000740
             824   E   00000740   00040303   00000280   mcause     00000006
             824   E   00000740   00040303   00000280   mtval      000008d1
             827   N   00000280   00004291   00000284   x14_a4     00000006
             828   N   00000284   02571063   00000286   x05_t0     00000004
             829   N   00000286   42910297   000002a6   ---        --------
             832   N   000002a6   02f70463   000002a8   x15_a5     00000008
             833   N   000002a8   000047a5   000002ac   ---        --------
             834   N   000002ac   02f70163   000002ae   x15_a5     00000009
             835   N   000002ae   000047ad   000002b2   ---        --------
             836   N   000002b2   00f70e63   000002b4   x15_a5     0000000b
             837   N   000002b4   00000717   000002b8   ---        --------
             838   N   000002b8   57070713   000002bc   x14_a4     000002b8
             839   N   000002bc   0000c311   000002c0   x14_a4     00000828
             840   N   000002c0   00008702   000002c2   ---        --------
             841   N   000002c2   34202773   00000828   ---        --------
             844   N   00000828   fc929ce3   0000082c   x05_t0     00000006
             845   N   0000082c   343022f3   00000830   ---        --------
             846   N   00000830   fc6298e3   00000834   x05_t0     000008d1
             847   N   00000834   00028283   00000838   ---        --------
             849   N   00000838   fc0284e3   0000083c   x05_t0     ffffffcc
             850   N   0000083c   34139073   00000840   ---        --------
             851   N   00000840   30200073   00000844   ---        --------
             853   N   00000844   00000073   00000764   ---        --------
             856   N   00000764   00000397   00000768   x28_t3     00000017
             857   N   00000768   03038393   0000076c   x07_t2     00000768
             858   N   0000076c   00540313   00000770   x07_t2     00000798
             859   N   00000770   000422a3   00000774   x06_t1     000008d5
             860   E   00000774   00440303   00000280   mstatus    00001800
             860   E   00000774   00440303   00000280   mepc       00000774
             860   E   00000774   00440303   00000280   mcause     00000006
             860   E   00000774   00440303   00000280   mtval      000008d5
             863   N   00000280   00004291   00000284   x14_a4     00000006
             864   N   00000284   02571063   00000286   x05_t0     00000004
             865   N   00000286   42910297   000002a6   ---        --------
             868   N   000002a6   02f70463   000002a8   x15_a5     00000008
             869   N   000002a8   000047a5   000002ac   ---        --------
             870   N   000002ac   02f70163   000002ae   x15_a5     00000009
             871   N   000002ae   000047ad   000002b2   ---        --------
             872   N   000002b2   00f70e63   000002b4   x15_a5     0000000b
             873   N   000002b4   00000717   000002b8   ---        --------
             874   N   000002b8   57070713   000002bc   x14_a4     000002b8
             875   N   000002bc   0000c311   000002c0   x14_a4     00000828
             876   N   000002c0   00008702   000002c2   ---        --------
             877   N   000002c2   34202773   00000828   ---        --------
             880   N   00000828   fc929ce3   0000082c   x05_t0     00000006
             881   N   0000082c   343022f3   00000830   ---        --------
             882   N   00000830   fc6298e3   00000834   x05_t0     000008d5
             883   N   00000834   00028283   00000838   ---        --------
             885   N   00000838   fc0284e3   0000083c   x05_t0     ffffff88
             886   N   0000083c   34139073   00000840   ---        --------
             887   N   00000840   30200073   00000844   ---        --------
             889   N   00000844   00000073   00000798   ---        --------
             892   N   00000798   00000397   0000079c   x28_t3     00000018
             893   N   0000079c   03038393   000007a0   x07_t2     0000079c
             894   N   000007a0   00a40313   000007a4   x07_t2     000007cc
             895   N   000007a4   00042523   000007a8   x06_t1     000008da
             896   E   000007a8   00940303   00000280   mstatus    00001800
             896   E   000007a8   00940303   00000280   mepc       000007a8
             896   E   000007a8   00940303   00000280   mcause     00000006
             896   E   000007a8   00940303   00000280   mtval      000008da
             899   N   00000280   00004291   00000284   x14_a4     00000006
             900   N   00000284   02571063   00000286   x05_t0     00000004
             901   N   00000286   42910297   000002a6   ---        --------
             904   N   000002a6   02f70463   000002a8   x15_a5     00000008
             905   N   000002a8   000047a5   000002ac   ---        --------
             906   N   000002ac   02f70163   000002ae   x15_a5     00000009
             907   N   000002ae   000047ad   000002b2   ---        --------
             908   N   000002b2   00f70e63   000002b4   x15_a5     0000000b
             909   N   000002b4   00000717   000002b8   ---        --------
             910   N   000002b8   57070713   000002bc   x14_a4     000002b8
             911   N   000002bc   0000c311   000002c0   x14_a4     00000828
             912   N   000002c0   00008702   000002c2   ---        --------
             913   N   000002c2   34202773   00000828   ---        --------
             916   N   00000828   fc929ce3   0000082c   x05_t0     00000006
             917   N   0000082c   343022f3   00000830   ---        --------
             918   N   00000830   fc6298e3   00000834   x05_t0     000008da
             919   N   00000834   00028283   00000838   ---        --------
             921   N   00000838   fc0284e3   0000083c   x05_t0     00000033
             922   N   0000083c   34139073   00000840   ---        --------
             923   N   00000840   30200073   00000844   ---        --------
             925   N   00000844   00000073   000007cc   ---        --------
             928   N   000007cc   00000397   000007d0   x28_t3     00000019
             929   N   000007d0   03038393   000007d4   x07_t2     000007d0
             930   N   000007d4   00f40313   000007d8   x07_t2     00000800
             931   N   000007d8   000427a3   000007dc   x06_t1     000008df
             932   E   000007dc   00e40303   00000280   mstatus    00001800
             932   E   000007dc   00e40303   00000280   mepc       000007dc
             932   E   000007dc   00e40303   00000280   mcause     00000006
             932   E   000007dc   00e40303   00000280   mtval      000008df
             935   N   00000280   00004291   00000284   x14_a4     00000006
             936   N   00000284   02571063   00000286   x05_t0     00000004
             937   N   00000286   42910297   000002a6   ---        --------
             940   N   000002a6   02f70463   000002a8   x15_a5     00000008
             941   N   000002a8   000047a5   000002ac   ---        --------
             942   N   000002ac   02f70163   000002ae   x15_a5     00000009
             943   N   000002ae   000047ad   000002b2   ---        --------
             944   N   000002b2   00f70e63   000002b4   x15_a5     0000000b
             945   N   000002b4   00000717   000002b8   ---        --------
             946   N   000002b8   57070713   000002bc   x14_a4     000002b8
             947   N   000002bc   0000c311   000002c0   x14_a4     00000828
             948   N   000002c0   00008702   000002c2   ---        --------
             949   N   000002c2   34202773   00000828   ---        --------
             952   N   00000828   fc929ce3   0000082c   x05_t0     00000006
             953   N   0000082c   343022f3   00000830   ---        --------
             954   N   00000830   fc6298e3   00000834   x05_t0     000008df
             955   N   00000834   00028283   00000838   ---        --------
             957   N   00000838   fc0284e3   0000083c   x05_t0     ffffffee
             958   N   0000083c   34139073   00000840   ---        --------
             959   N   00000840   30200073   00000844   ---        --------
             961   N   00000844   00000073   00000800   ---        --------
             964   N   00000800   0ff0000f   00000814   ---        --------
             967   N   00000814   000e0593   00000818   ---        --------
             968   N   00000818   00000513   0000081c   x11_a1     00000019
             969   N   0000081c   00000073   00000820   x10_a0     00000000
             970   E   00000820   00000013   00000280   mstatus    00001800
             970   E   00000820   00000013   00000280   mepc       00000820
             970   E   00000820   00000013   00000280   mcause     0000000b
             970   E   00000820   00000013   00000280   mtval      00000000
             973   N   00000280   00004291   00000284   x14_a4     0000000b
             974   N   00000284   02571063   00000286   x05_t0     00000004
             975   N   00000286   42910297   000002a6   ---        --------
             978   N   000002a6   02f70463   000002a8   x15_a5     00000008
             979   N   000002a8   000047a5   000002ac   ---        --------
             980   N   000002ac   02f70163   000002ae   x15_a5     00000009
             981   N   000002ae   000047ad   000002b2   ---        --------
             982   N   000002b2   00f70e63   000002b4   x15_a5     0000000b
             983   N   000002b4   00000717   000002d0   ---        --------
             986   N   000002d0   00000013   00000860   ---        --------
             989   N   00000860   89428293   00000864   x05_t0     00000860
             990   N   00000864   00008282   00000868   x05_t0     000000f4
             991   N   00000868   00000013   000000f4   ---        --------
             994   N   000000f4   0000006f   000000f8   ---        --------
             995   N   000000f8   ffffffff   000000f8   ---        --------
